<?xml version="1.0" encoding="UTF-8"?>
<testsuite name="com.jojoldu.book.springboot.web.HelloControllerTest" tests="2" skipped="0" failures="0" errors="0" timestamp="2022-08-03T12:37:58" hostname="DESKTOP-LCGFDDP" time="0.258">
  <properties/>
  <testcase name="hello가_리턴된다" classname="com.jojoldu.book.springboot.web.HelloControllerTest" time="0.118"/>
  <testcase name="helloDto가_리턴된다" classname="com.jojoldu.book.springboot.web.HelloControllerTest" time="0.138"/>
  <system-out><![CDATA[2022-08-03 21:37:56.594  INFO 19480 --- [    Test worker] .b.t.a.w.s.WebMvcTestContextBootstrapper : Neither @ContextConfiguration nor @ContextHierarchy found for test class [com.jojoldu.book.springboot.web.HelloControllerTest], using SpringBootContextLoader
2022-08-03 21:37:56.596  INFO 19480 --- [    Test worker] o.s.t.c.support.AbstractContextLoader    : Could not detect default resource locations for test class [com.jojoldu.book.springboot.web.HelloControllerTest]: no resource found for suffixes {-context.xml, Context.groovy}.
2022-08-03 21:37:56.596  INFO 19480 --- [    Test worker] t.c.s.AnnotationConfigContextLoaderUtils : Could not detect default configuration classes for test class [com.jojoldu.book.springboot.web.HelloControllerTest]: HelloControllerTest does not declare any static, non-private, non-final, nested classes annotated with @Configuration.
2022-08-03 21:37:56.635  INFO 19480 --- [    Test worker] .b.t.c.SpringBootTestContextBootstrapper : Found @SpringBootConfiguration com.jojoldu.book.springboot.Application for test class com.jojoldu.book.springboot.web.HelloControllerTest
2022-08-03 21:37:56.636  INFO 19480 --- [    Test worker] .b.t.a.w.s.WebMvcTestContextBootstrapper : Loaded default TestExecutionListener class names from location [META-INF/spring.factories]: [org.springframework.security.test.context.support.WithSecurityContextTestExecutionListener, org.springframework.security.test.context.support.ReactorContextTestExecutionListener, org.springframework.boot.test.autoconfigure.restdocs.RestDocsTestExecutionListener, org.springframework.boot.test.autoconfigure.web.client.MockRestServiceServerResetTestExecutionListener, org.springframework.boot.test.autoconfigure.web.servlet.MockMvcPrintOnlyOnFailureTestExecutionListener, org.springframework.boot.test.autoconfigure.web.servlet.WebDriverTestExecutionListener, org.springframework.boot.test.mock.mockito.MockitoTestExecutionListener, org.springframework.boot.test.mock.mockito.ResetMocksTestExecutionListener, org.springframework.test.context.web.ServletTestExecutionListener, org.springframework.test.context.support.DirtiesContextBeforeModesTestExecutionListener, org.springframework.test.context.support.DependencyInjectionTestExecutionListener, org.springframework.test.context.support.DirtiesContextTestExecutionListener, org.springframework.test.context.transaction.TransactionalTestExecutionListener, org.springframework.test.context.jdbc.SqlScriptsTestExecutionListener]
2022-08-03 21:37:56.638  INFO 19480 --- [    Test worker] .b.t.a.w.s.WebMvcTestContextBootstrapper : Using TestExecutionListeners: [org.springframework.test.context.web.ServletTestExecutionListener@4b99648a, org.springframework.test.context.support.DirtiesContextBeforeModesTestExecutionListener@5d2e65bd, org.springframework.boot.test.mock.mockito.MockitoTestExecutionListener@254513e8, org.springframework.boot.test.autoconfigure.SpringBootDependencyInjectionTestExecutionListener@74450c9b, org.springframework.test.context.support.DirtiesContextTestExecutionListener@74f89bad, org.springframework.test.context.transaction.TransactionalTestExecutionListener@5ad50b02, org.springframework.test.context.jdbc.SqlScriptsTestExecutionListener@570299e3, org.springframework.security.test.context.support.WithSecurityContextTestExecutionListener@bff764c, org.springframework.security.test.context.support.ReactorContextTestExecutionListener@3beaa16d, org.springframework.boot.test.autoconfigure.restdocs.RestDocsTestExecutionListener@49153009, org.springframework.boot.test.autoconfigure.web.client.MockRestServiceServerResetTestExecutionListener@a1b7549, org.springframework.boot.test.autoconfigure.web.servlet.MockMvcPrintOnlyOnFailureTestExecutionListener@7aa63f50, org.springframework.boot.test.autoconfigure.web.servlet.WebDriverTestExecutionListener@142918a0, org.springframework.boot.test.mock.mockito.ResetMocksTestExecutionListener@745cf754]

  .   ____          _            __ _ _
 /\\ / ___'_ __ _ _(_)_ __  __ _ \ \ \ \
( ( )\___ | '_ | '_| | '_ \/ _` | \ \ \ \
 \\/  ___)| |_)| | | | | || (_| |  ) ) ) )
  '  |____| .__|_| |_|_| |_\__, | / / / /
 =========|_|==============|___/=/_/_/_/
 :: Spring Boot ::        (v2.1.7.RELEASE)

2022-08-03 21:37:56.704  INFO 19480 --- [    Test worker] c.j.b.s.web.HelloControllerTest          : Starting HelloControllerTest on DESKTOP-LCGFDDP with PID 19480 (started by master in C:\Users\master\IdeaProjects\freelec-springboot2-webservice)
2022-08-03 21:37:56.705  INFO 19480 --- [    Test worker] c.j.b.s.web.HelloControllerTest          : No active profile set, falling back to default profiles: default
2022-08-03 21:37:57.611  INFO 19480 --- [    Test worker] o.s.s.concurrent.ThreadPoolTaskExecutor  : Initializing ExecutorService 'applicationTaskExecutor'
2022-08-03 21:37:57.663  INFO 19480 --- [    Test worker] o.s.b.a.w.s.WelcomePageHandlerMapping    : Adding welcome page template: index
2022-08-03 21:37:58.125  INFO 19480 --- [    Test worker] .s.s.UserDetailsServiceAutoConfiguration : 

Using generated security password: 0847c38d-1962-46aa-a214-a1f4ffa2d2ba

2022-08-03 21:37:58.337  INFO 19480 --- [    Test worker] o.s.s.web.DefaultSecurityFilterChain     : Creating filter chain: any request, [org.springframework.security.web.context.request.async.WebAsyncManagerIntegrationFilter@24f5e9e8, org.springframework.security.web.context.SecurityContextPersistenceFilter@593f7d2e, org.springframework.security.web.header.HeaderWriterFilter@50ecef36, org.springframework.security.web.csrf.CsrfFilter@8dbf0f2, org.springframework.security.web.authentication.logout.LogoutFilter@6371c5ec, org.springframework.security.web.authentication.UsernamePasswordAuthenticationFilter@34647f58, org.springframework.security.web.authentication.ui.DefaultLoginPageGeneratingFilter@603b9d4b, org.springframework.security.web.authentication.ui.DefaultLogoutPageGeneratingFilter@50e6ee24, org.springframework.security.web.authentication.www.BasicAuthenticationFilter@714b6999, org.springframework.security.web.savedrequest.RequestCacheAwareFilter@6e8aea7e, org.springframework.security.web.servletapi.SecurityContextHolderAwareRequestFilter@59282dc6, org.springframework.security.web.authentication.AnonymousAuthenticationFilter@7acb5200, org.springframework.security.web.session.SessionManagementFilter@767d9b9, org.springframework.security.web.access.ExceptionTranslationFilter@1d3546f9, org.springframework.security.web.access.intercept.FilterSecurityInterceptor@da9374c]
2022-08-03 21:37:58.385  INFO 19480 --- [    Test worker] o.s.b.t.m.w.SpringBootMockServletContext : Initializing Spring TestDispatcherServlet ''
2022-08-03 21:37:58.385  INFO 19480 --- [    Test worker] o.s.t.web.servlet.TestDispatcherServlet  : Initializing Servlet ''
2022-08-03 21:37:58.407  INFO 19480 --- [    Test worker] o.s.t.web.servlet.TestDispatcherServlet  : Completed initialization in 22 ms
2022-08-03 21:37:58.450  INFO 19480 --- [    Test worker] c.j.b.s.web.HelloControllerTest          : Started HelloControllerTest in 1.809 seconds (JVM running for 12.798)
]]></system-out>
  <system-err><![CDATA[]]></system-err>
</testsuite>
